<?xml version="1.0" encoding="UTF-8"?>
<!-- Generated by org.testng.reporters.JUnitXMLReporter -->
<testsuite ignored="0" hostname="DESKTOP-PB9LG37" failures="0" tests="4" name="Default test" time="0.17" errors="0" timestamp="2022-04-05T19:38:46 IST">
  <testcase classname="testNGKeyWords.InvocationCountStudy" name="a" time="0.018"/>
  <testcase classname="testNGKeyWords.InvocationCountStudy" name="a" time="0.003"/>
  <testcase classname="testNGKeyWords.InvocationCountStudy" name="a" time="0.002"/>
  <testcase classname="testNGKeyWords.InvocationCountStudy" name="a" time="0.008"/>
</testsuite> <!-- Default test -->
