<?xml version="1.0" encoding="UTF-8"?>
<!-- Generated by org.testng.reporters.JUnitXMLReporter -->
<testsuite ignored="3" hostname="DESKTOP-PB9LG37" failures="0" tests="2" name="Default test(failed)(failed)(failed)" time="0.328" errors="0" timestamp="2022-03-22T19:31:20 IST">
  <testcase classname="testNG_Failed_xml.Failed_xml_Study" name="TC4" time="0.015"/>
  <testcase classname="testNG_Failed_xml.Failed_xml_Study" name="TC2" time="0.219"/>
  <testcase classname="testNG_Failed_xml.Failed_xml_Study" name="TC5" time="0.0">
    <ignored/>
  </testcase> <!-- TC5 -->
  <testcase classname="testNG_Failed_xml.Failed_xml_Study" name="TC1" time="0.0">
    <ignored/>
  </testcase> <!-- TC1 -->
  <testcase classname="testNG_Failed_xml.Failed_xml_Study" name="TC3" time="0.0">
    <ignored/>
  </testcase> <!-- TC3 -->
</testsuite> <!-- Default test(failed)(failed)(failed) -->
