<?xml version="1.0" encoding="UTF-8"?>
<testng-results ignored="0" total="4" passed="4" failed="0" skipped="0">
  <reporter-output>
    <line>
      <![CDATA[Running A method]]>
    </line>
    <line>
      <![CDATA[After Method Running]]>
    </line>
    <line>
      <![CDATA[Running A method]]>
    </line>
    <line>
      <![CDATA[After Method Running]]>
    </line>
    <line>
      <![CDATA[Running A method]]>
    </line>
    <line>
      <![CDATA[After Method Running]]>
    </line>
    <line>
      <![CDATA[Running A method]]>
    </line>
    <line>
      <![CDATA[After Method Running]]>
    </line>
  </reporter-output>
  <suite started-at="2022-04-05T19:38:46 IST" name="Default suite" finished-at="2022-04-05T19:38:46 IST" duration-ms="170">
    <groups>
    </groups>
    <test started-at="2022-04-05T19:38:46 IST" name="Default test" finished-at="2022-04-05T19:38:46 IST" duration-ms="170">
      <class name="testNGKeyWords.InvocationCountStudy">
        <test-method signature="a()[pri:0, instance:testNGKeyWords.InvocationCountStudy@5d7148e2]" started-at="2022-04-05T19:38:46 IST" name="a" finished-at="2022-04-05T19:38:46 IST" duration-ms="18" status="PASS">
          <reporter-output>
            <line>
              <![CDATA[Running A method]]>
            </line>
          </reporter-output>
        </test-method> <!-- a -->
        <test-method is-config="true" signature="afterMethod()[pri:0, instance:testNGKeyWords.InvocationCountStudy@5d7148e2]" started-at="2022-04-05T19:38:46 IST" name="afterMethod" finished-at="2022-04-05T19:38:46 IST" duration-ms="4" status="PASS">
          <reporter-output>
            <line>
              <![CDATA[After Method Running]]>
            </line>
          </reporter-output>
        </test-method> <!-- afterMethod -->
        <test-method signature="a()[pri:0, instance:testNGKeyWords.InvocationCountStudy@5d7148e2]" started-at="2022-04-05T19:38:46 IST" name="a" finished-at="2022-04-05T19:38:46 IST" duration-ms="3" status="PASS">
          <reporter-output>
            <line>
              <![CDATA[Running A method]]>
            </line>
          </reporter-output>
        </test-method> <!-- a -->
        <test-method is-config="true" signature="afterMethod()[pri:0, instance:testNGKeyWords.InvocationCountStudy@5d7148e2]" started-at="2022-04-05T19:38:46 IST" name="afterMethod" finished-at="2022-04-05T19:38:46 IST" duration-ms="0" status="PASS">
          <reporter-output>
            <line>
              <![CDATA[After Method Running]]>
            </line>
          </reporter-output>
        </test-method> <!-- afterMethod -->
        <test-method signature="a()[pri:0, instance:testNGKeyWords.InvocationCountStudy@5d7148e2]" started-at="2022-04-05T19:38:46 IST" name="a" finished-at="2022-04-05T19:38:46 IST" duration-ms="2" status="PASS">
          <reporter-output>
            <line>
              <![CDATA[Running A method]]>
            </line>
          </reporter-output>
        </test-method> <!-- a -->
        <test-method is-config="true" signature="afterMethod()[pri:0, instance:testNGKeyWords.InvocationCountStudy@5d7148e2]" started-at="2022-04-05T19:38:46 IST" name="afterMethod" finished-at="2022-04-05T19:38:46 IST" duration-ms="1" status="PASS">
          <reporter-output>
            <line>
              <![CDATA[After Method Running]]>
            </line>
          </reporter-output>
        </test-method> <!-- afterMethod -->
        <test-method signature="a()[pri:0, instance:testNGKeyWords.InvocationCountStudy@5d7148e2]" started-at="2022-04-05T19:38:46 IST" name="a" finished-at="2022-04-05T19:38:46 IST" duration-ms="8" status="PASS">
          <reporter-output>
            <line>
              <![CDATA[Running A method]]>
            </line>
          </reporter-output>
        </test-method> <!-- a -->
        <test-method is-config="true" signature="afterMethod()[pri:0, instance:testNGKeyWords.InvocationCountStudy@5d7148e2]" started-at="2022-04-05T19:38:46 IST" name="afterMethod" finished-at="2022-04-05T19:38:46 IST" duration-ms="1" status="PASS">
          <reporter-output>
            <line>
              <![CDATA[After Method Running]]>
            </line>
          </reporter-output>
        </test-method> <!-- afterMethod -->
      </class> <!-- testNGKeyWords.InvocationCountStudy -->
    </test> <!-- Default test -->
  </suite> <!-- Default suite -->
</testng-results>
